Performing C++ SOURCE FILE Test CMAKE_HAVE_LIBC_PTHREAD failed with the following output:
Change Dir: /home/yst/文档/yst/CUDA/cuda-mode/CUDA-Optimization/Sgemm/Build/CMakeFiles/CMakeTmp

Run Build Command(s):/usr/bin/make cmTC_0b3ed/fast && /usr/bin/make -f CMakeFiles/cmTC_0b3ed.dir/build.make CMakeFiles/cmTC_0b3ed.dir/build
make[1]: 进入目录“/home/yst/文档/yst/CUDA/cuda-mode/CUDA-Optimization/Sgemm/Build/CMakeFiles/CMakeTmp”
Building CXX object CMakeFiles/cmTC_0b3ed.dir/src.cxx.o
/usr/bin/c++    -DCMAKE_HAVE_LIBC_PTHREAD   -o CMakeFiles/cmTC_0b3ed.dir/src.cxx.o -c /home/yst/文档/yst/CUDA/cuda-mode/CUDA-Optimization/Sgemm/Build/CMakeFiles/CMakeTmp/src.cxx
Linking CXX executable cmTC_0b3ed
/usr/bin/cmake -E cmake_link_script CMakeFiles/cmTC_0b3ed.dir/link.txt --verbose=1
/usr/bin/c++   -DCMAKE_HAVE_LIBC_PTHREAD    CMakeFiles/cmTC_0b3ed.dir/src.cxx.o  -o cmTC_0b3ed 
/usr/bin/ld: CMakeFiles/cmTC_0b3ed.dir/src.cxx.o: in function `main':
src.cxx:(.text+0x46): undefined reference to `pthread_create'
/usr/bin/ld: src.cxx:(.text+0x52): undefined reference to `pthread_detach'
/usr/bin/ld: src.cxx:(.text+0x63): undefined reference to `pthread_join'
collect2: error: ld returned 1 exit status
make[1]: *** [CMakeFiles/cmTC_0b3ed.dir/build.make:87：cmTC_0b3ed] 错误 1
make[1]: 离开目录“/home/yst/文档/yst/CUDA/cuda-mode/CUDA-Optimization/Sgemm/Build/CMakeFiles/CMakeTmp”
make: *** [Makefile:121：cmTC_0b3ed/fast] 错误 2


Source file was:
#include <pthread.h>

void* test_func(void* data)
{
  return data;
}

int main(void)
{
  pthread_t thread;
  pthread_create(&thread, NULL, test_func, NULL);
  pthread_detach(thread);
  pthread_join(thread, NULL);
  pthread_atfork(NULL, NULL, NULL);
  pthread_exit(NULL);

  return 0;
}

Determining if the function pthread_create exists in the pthreads failed with the following output:
Change Dir: /home/yst/文档/yst/CUDA/cuda-mode/CUDA-Optimization/Sgemm/Build/CMakeFiles/CMakeTmp

Run Build Command(s):/usr/bin/make cmTC_44b8c/fast && /usr/bin/make -f CMakeFiles/cmTC_44b8c.dir/build.make CMakeFiles/cmTC_44b8c.dir/build
make[1]: 进入目录“/home/yst/文档/yst/CUDA/cuda-mode/CUDA-Optimization/Sgemm/Build/CMakeFiles/CMakeTmp”
Building CXX object CMakeFiles/cmTC_44b8c.dir/CheckFunctionExists.cxx.o
/usr/bin/c++    -DCHECK_FUNCTION_EXISTS=pthread_create   -o CMakeFiles/cmTC_44b8c.dir/CheckFunctionExists.cxx.o -c /home/yst/文档/yst/CUDA/cuda-mode/CUDA-Optimization/Sgemm/Build/CMakeFiles/CheckLibraryExists/CheckFunctionExists.cxx
Linking CXX executable cmTC_44b8c
/usr/bin/cmake -E cmake_link_script CMakeFiles/cmTC_44b8c.dir/link.txt --verbose=1
/usr/bin/c++   -DCHECK_FUNCTION_EXISTS=pthread_create    CMakeFiles/cmTC_44b8c.dir/CheckFunctionExists.cxx.o  -o cmTC_44b8c  -lpthreads 
/usr/bin/ld: 找不到 -lpthreads
collect2: error: ld returned 1 exit status
make[1]: *** [CMakeFiles/cmTC_44b8c.dir/build.make:87：cmTC_44b8c] 错误 1
make[1]: 离开目录“/home/yst/文档/yst/CUDA/cuda-mode/CUDA-Optimization/Sgemm/Build/CMakeFiles/CMakeTmp”
make: *** [Makefile:121：cmTC_44b8c/fast] 错误 2



